PDB	CHAIN	SP_PRIMARY	RES_BEG	RES_END	PDB_BEG	PDB_END	SP_BEG	SP_END
1a2p	A	P00648		1	110	1	110	48	157
1a2p	B	P00648		1	110	1	110	48	157
1a2p	C	P00648		1	110	1	110	48	157
1b20	A	P00648		1	110	1	110	48	157
1b20	B	P00648		1	110	1	110	48	157
1b20	C	P00648		1	110	1	110	48	157
1b21	A	P00648		1	110	1	110	48	157
1b21	B	P00648		1	110	1	110	48	157
1b21	C	P00648		1	110	1	110	48	157
1b27	A	P00648		1	110	1	110	48	157
1b27	B	P00648		1	110	1	110	48	157
1b27	C	P00648		1	110	1	110	48	157
1b27	D	P11540		1	89	1	89	1	89
1b27	E	P11540		1	89	1	89	1	89
1b27	F	P11540		1	89	1	89	1	89
1b2s	A	P00648		1	110	1	110	48	157
1b2s	B	P00648		1	110	1	110	48	157
1b2s	C	P00648		1	110	1	110	48	157
1b2s	D	P11540		2	89	2	89	2	89
1b2s	E	P11540		2	89	2	89	2	89
1b2s	F	P11540		2	89	2	89	2	89
1b2u	A	P00648		1	110	1	110	48	157
1b2u	B	P00648		1	110	1	110	48	157
1b2u	C	P00648		1	110	1	110	48	157
1b2u	D	P11540		2	89	2	89	2	89
1b2u	E	P11540		2	89	2	89	2	89
1b2u	F	P11540		2	89	2	89	2	89
1b2x	A	P00648		1	110	1	110	48	157
1b2x	B	P00648		1	110	1	110	48	157
1b2x	C	P00648		1	110	1	110	48	157
1b2z	A	P00648		1	110	1	110	48	157
1b2z	B	P00648		1	110	1	110	48	157
1b2z	C	P00648		1	110	1	110	48	157
1b3s	A	P00648		1	110	1	110	48	157
1b3s	B	P00648		1	110	1	110	48	157
1b3s	C	P00648		1	110	1	110	48	157
1b3s	D	P11540		2	89	2	89	2	89
1b3s	E	P11540		2	89	2	89	2	89
1b3s	F	P11540		2	89	2	89	2	89
1ban	A	P00648		1	110	1	110	48	157
1ban	B	P00648		1	110	1	110	48	157
1ban	C	P00648		1	110	1	110	48	157
1bao	A	P00648		1	110	1	110	48	157
1bao	B	P00648		1	110	1	110	48	157
1bao	C	P00648		1	110	1	110	48	157
1bgs	A	P00648		1	110	1	110	48	157
1bgs	B	P00648		1	110	1	110	48	157
1bgs	C	P00648		1	110	1	110	48	157
1bgs	E	P11540		1	89	1	89	2	90
1bgs	F	P11540		1	89	1	89	2	90
1bgs	G	P11540		1	89	1	89	2	90
1bne	A	P00648		1	110	1	110	48	157
1bne	B	P00648		1	110	1	110	48	157
1bne	C	P00648		1	110	1	110	48	157
1bnf	A	P00648		1	110	1	110	48	157
1bnf	B	P00648		1	110	1	110	48	157
1bnf	C	P00648		1	110	1	110	48	157
1bng	A	P00648		1	110	1	110	48	157
1bng	B	P00648		1	110	1	110	48	157
1bng	C	P00648		1	110	1	110	48	157
1bni	A	P00648		1	110	1	110	48	157
1bni	B	P00648		1	110	1	110	48	157
1bni	C	P00648		1	110	1	110	48	157
1bnj	A	P00648		1	110	1	110	48	157
1bnj	B	P00648		1	110	1	110	48	157
1bnj	C	P00648		1	110	1	110	48	157
1bnr	A	P00648		1	110	1	110	48	157
1bns	A	P00648		1	110	1	110	48	157
1bns	B	P00648		1	110	1	110	48	157
1bns	C	P00648		1	110	1	110	48	157
1brg	A	P00648		1	108	3	110	50	157
1brg	B	P00648		1	108	3	110	50	157
1brg	C	P00648		1	108	3	110	50	157
1brh	A	P00648		1	110	1	110	48	157
1brh	B	P00648		1	110	1	110	48	157
1brh	C	P00648		1	110	1	110	48	157
1bri	A	P00648		1	110	1	110	48	157
1bri	B	P00648		1	110	1	110	48	157
1bri	C	P00648		1	110	1	110	48	157
1brj	A	P00648		1	110	1	110	48	157
1brj	B	P00648		1	110	1	110	48	157
1brj	C	P00648		1	110	1	110	48	157
1brk	A	P00648		1	110	1	110	48	157
1brk	B	P00648		1	110	1	110	48	157
1brk	C	P00648		1	110	1	110	48	157
1brn	L	P00648		1	110	1	110	48	157
1brn	M	P00648		1	110	1	110	48	157
1brs	A	P00648		1	110	1	110	48	157
1brs	B	P00648		1	110	1	110	48	157
1brs	C	P00648		1	110	1	110	48	157
1brs	D	P11540		1	88	1	88	2	89
1brs	E	P11540		1	88	1	88	2	89
1brs	F	P11540		1	88	1	88	2	89
1bsa	A	P00648		1	110	1	110	48	157
1bsa	B	P00648		1	110	1	110	48	157
1bsa	C	P00648		1	110	1	110	48	157
1bsb	A	P00648		1	110	1	110	48	157
1bsb	B	P00648		1	110	1	110	48	157
1bsb	C	P00648		1	110	1	110	48	157
1bsc	A	P00648		1	110	1	110	48	157
1bsc	B	P00648		1	110	1	110	48	157
1bsc	C	P00648		1	110	1	110	48	157
1bsd	A	P00648		1	110	1	110	48	157
1bsd	B	P00648		1	110	1	110	48	157
1bsd	C	P00648		1	110	1	110	48	157
1bse	A	P00648		1	110	1	110	48	157
1bse	B	P00648		1	110	1	110	48	157
1bse	C	P00648		1	110	1	110	48	157
1ct9	A	P22106		2	553	2	553	3	554
1ct9	B	P22106		2	553	2	553	3	554
1ct9	C	P22106		2	553	2	553	3	554
1ct9	D	P22106		2	553	2	553	3	554
1fw7	A	P00648		1	110	1	110	48	157
1j1l	A	O00625		1	290	1	290	1	290
1n3l	A	P54577		1	364	1	364	1	364
1ntg	A	P54577		1	170	1	170	359	528
1ntg	B	P54577		1	170	1	170	359	528
1ntg	C	P54577		1	170	1	170	359	528
1ntg	D	P54577		1	170	1	170	359	528
1q11	A	P54577		1	364	1	364	1	364
1rnb	A	P00648		1	110	1	110	48	157
1wy0	A	O58799		1	342	1	342	1	342
1x1u	A	P00648		1	110	1	110	48	157
1x1u	B	P00648		1	110	1	110	48	157
1x1u	C	P00648		1	110	1	110	48	157
1x1u	D	P11540		1	88	1	88	2	89
1x1u	E	P11540		1	88	1	88	2	89
1x1u	F	P11540		1	88	1	88	2	89
1x1w	A	P00648		1	110	1	110	48	157
1x1w	B	P00648		1	110	1	110	48	157
1x1w	C	P00648		1	110	1	110	48	157
1x1w	D	P11540		1	90	0	89	1	90
1x1w	E	P11540		1	90	0	89	1	90
1x1w	F	P11540		1	90	0	89	1	90
1x1x	A	P00648		1	110	1	110	48	157
1x1x	B	P00648		1	110	1	110	48	157
1x1x	C	P00648		1	110	1	110	48	157
1x1x	D	P11540		1	88	1	88	2	89
1x1x	E	P11540		1	88	1	88	2	89
1x1x	F	P11540		1	88	1	88	2	89
1x1y	A	P00648		3	110	3	110	50	157
1x1y	B	P00648		3	110	3	110	50	157
1x1y	C	P00648		3	110	3	110	50	157
1x1y	D	P11540		1	90	0	89	1	90
1x1y	E	P11540		1	90	0	89	1	90
1x1y	F	P11540		1	90	0	89	1	90
1yvs	A	P00648		1	110	1	110	48	157
2c4b	A	P12071		130	143	131	144	16	29
2c4b	A	P00648		1	109	2	110	49	157
2c4b	A	P82409		114	129	115	130	6	21
2c4b	B	P12071		130	143	131	144	16	29
2c4b	B	P00648		1	109	2	110	49	157
2c4b	B	P82409		114	129	115	130	6	21
2f4y	A	P00648		1	108	1	108	50	157
2f4y	B	P00648		1	108	1	108	50	157
2f4y	C	P00648		1	108	1	108	50	157
2f56	A	P00648		1	108	1	108	50	157
2f56	B	P00648		1	108	1	108	50	157
2f56	C	P00648		1	108	1	108	50	157
2f5m	A	P00648		1	108	1	108	50	157
2f5m	B	P00648		1	108	1	108	50	157
2f5m	C	P00648		1	108	1	108	50	157
2f5w	A	P00648		1	108	1	108	50	157
2f5w	B	P00648		1	108	1	108	50	157
2f5w	C	P00648		1	108	1	108	50	157
2kf3	A	P00648		1	110	1	110	48	157
2kf4	A	P00648		1	110	1	110	48	157
2kf5	A	P00648		1	110	1	110	48	157
2kf6	A	P00648		1	110	1	110	48	157
2za4	A	P00648		1	110	1	110	48	157
2za4	B	P11540		1	90	0	89	1	90
2za4	C	P00648		1	110	1	110	48	157
2za4	D	P11540		1	90	0	89	1	90
3acl	A	O00625		8	296	2	290	2	290
3da7	A	P00648		46	111	47	112	48	113
3da7	A	P00648		1	44	2	45	114	157
3da7	B	P00648		46	111	47	112	48	113
3da7	B	P00648		1	44	2	45	114	157
3da7	C	P11540		1	90	1	90	1	90
3da7	D	P11540		1	90	1	90	1	90
3da7	E	P00648		1	44	2	45	114	157
3da7	E	P00648		46	111	47	112	48	113
3da7	F	P11540		1	90	1	90	1	90
3da7	G	P00648		1	44	2	45	114	157
3da7	G	P00648		46	111	47	112	48	113
3da7	H	P11540		1	90	1	90	1	90
3kch	A	P00648		1	110	1	110	48	157
3kch	B	P00648		1	110	1	110	48	157
3kch	C	P00648		1	110	1	110	48	157
